<?xml version="1.0" encoding="UTF-8"?>
<testsuites name="New Test Suite" time="6.652" tests="1" failures="0" errors="0">
   <testsuite name="New Test Suite" tests="1" failures="0" errors="0" time="6.652" skipped="0" timestamp="28-02-2024T09:05:15" hostname="r.carta - host.docker.internal" id="Test Suites/New Test Suite">
      <properties>
         <property name="deviceName" value=""/>
         <property name="devicePlatform" value=""/>
         <property name="logFolder" value="C:\\Users\\r.carta\\git\\OutsystemsKatalon\\Reports\\20240228_090507\\New Test Suite\\20240228_090508"/>
         <property name="logFiles" value="C:\\Users\\r.carta\\git\\OutsystemsKatalon\\Reports\\20240228_090507\\New Test Suite\\20240228_090508\\execution0.log"/>
         <property name="attachments" value=""/>
         <property name="hostName" value="r.carta - host.docker.internal"/>
         <property name="os" value="Windows 10 64bit"/>
         <property name="katalonVersion" value="9.3.0.212"/>
         <property name="browser" value="Chrome 122.0.0.0"/>
         <property name="hostAddress" value="10.200.54.55"/>
         <property name="sessionId" value="dc58edf38b6f847fa122be86762432bf"/>
         <property name="seleniumVersion" value="3.141.59"/>
         <property name="proxyInformation" value="ProxyInformation { proxyOption=NO_PROXY, proxyServerType=HTTP, username=, password=********, proxyServerAddress=, proxyServerPort=0, executionList=&quot;&quot;, isApplyToDesiredCapabilities=true }"/>
         <property name="platform" value="Windows 10"/>
      </properties>
      <testcase name="Test Cases/New Test Case" time="6.472" classname="Test Cases/New Test Case" status="PASSED">
         <system-out><![CDATA[28-02-2024T09:05:15 - [TEST_CASE][PASSED] - Test Cases/New Test Case: Test Cases/New Test Case

28-02-2024T09:05:15 - [TEST_STEP][PASSED] - openBrowser(""): Browser is opened with url: ''

28-02-2024T09:05:15 - [MESSAGE][INFO] - Starting 'Chrome' driver

28-02-2024T09:05:15 - [MESSAGE][INFO] - Action delay is set to 0 milliseconds

28-02-2024T09:05:17 - [MESSAGE][PASSED] - Browser is opened with url: ''

28-02-2024T09:05:17 - [TEST_STEP][PASSED] - navigateToUrl("https://cmiti-dev.outsystemsenterprise.com/WebHealthClaimsSystem/Login"): Navigate to 'https://cmiti-dev.outsystemsenterprise.com/WebHealthClaimsSystem/Login' successfully

28-02-2024T09:05:18 - [MESSAGE][PASSED] - Navigate to 'https://cmiti-dev.outsystemsenterprise.com/WebHealthClaimsSystem/Login' successfully

28-02-2024T09:05:18 - [TEST_STEP][PASSED] - setText(findTestObject("Object Repository/Page_Login/input_MEMBER LOGIN_Input_Username2"), "renor"): Text 'renor' is set on object 'Object Repository/Page_Login/input_MEMBER LOGIN_Input_Username2'

28-02-2024T09:05:20 - [MESSAGE][PASSED] - Text 'renor' is set on object 'Object Repository/Page_Login/input_MEMBER LOGIN_Input_Username2'

28-02-2024T09:05:20 - [TEST_STEP][PASSED] - setEncryptedText(findTestObject("Object Repository/Page_Login/input_MEMBER LOGIN_Input_Password2"), "iFGeFYmXIrU6ruIopQUS+w=="): Text ****** has been set on object 'Object Repository/Page_Login/input_MEMBER LOGIN_Input_Password2'

28-02-2024T09:05:21 - [MESSAGE][PASSED] - Text ****** has been set on object 'Object Repository/Page_Login/input_MEMBER LOGIN_Input_Password2'

28-02-2024T09:05:21 - [TEST_STEP][PASSED] - click(findTestObject("Object Repository/Page_Login/i_MEMBER LOGIN_view3")): Object: 'Object Repository/Page_Login/i_MEMBER LOGIN_view3' is clicked on

28-02-2024T09:05:21 - [MESSAGE][PASSED] - Object: 'Object Repository/Page_Login/i_MEMBER LOGIN_view3' is clicked on

28-02-2024T09:05:21 - [TEST_STEP][PASSED] - closeBrowser(): Browser is closed

28-02-2024T09:05:21 - [MESSAGE][PASSED] - Browser is closed]]></system-out>
         <system-err><![CDATA[]]></system-err>
      </testcase>
      <system-out><![CDATA[28-02-2024T09:05:15 - [TEST_SUITE][PASSED] - New Test Suite: Test Cases/New Test Case]]></system-out>
      <system-err><![CDATA[]]></system-err>
   </testsuite>
</testsuites>
